<?xml version="1.0" encoding="UTF-8"?>
<testsuite xmlns:xsi="http://www.w3.org/2001/XMLSchema-instance" xsi:noNamespaceSchemaLocation="https://maven.apache.org/surefire/maven-surefire-plugin/xsd/surefire-test-report.xsd" name="com.wft.AppTest" time="0.025" tests="1" errors="0" skipped="0" failures="0">
  <properties>
    <property name="sun.desktop" value="windows"/>
    <property name="awt.toolkit" value="sun.awt.windows.WToolkit"/>
    <property name="file.encoding.pkg" value="sun.io"/>
    <property name="java.specification.version" value="1.8"/>
    <property name="sun.cpu.isalist" value="amd64"/>
    <property name="sun.jnu.encoding" value="GBK"/>
    <property name="java.class.path" value="E:\Code\Java\SimpleHBaseAPI\HBaseAPI\target\test-classes;E:\Code\Java\SimpleHBaseAPI\HBaseAPI\target\classes;C:\Users\Tanyiqu\.m2\repository\junit\junit\4.11\junit-4.11.jar;C:\Users\Tanyiqu\.m2\repository\org\hamcrest\hamcrest-core\1.3\hamcrest-core-1.3.jar;C:\Users\Tanyiqu\.m2\repository\com\aliyun\hbase\alihbase-client\2.0.8\alihbase-client-2.0.8.jar;C:\Users\Tanyiqu\.m2\repository\org\apache\hbase\thirdparty\hbase-shaded-protobuf\2.1.0\hbase-shaded-protobuf-2.1.0.jar;C:\Users\Tanyiqu\.m2\repository\com\aliyun\hbase\alihbase-common\2.0.8\alihbase-common-2.0.8.jar;C:\Users\Tanyiqu\.m2\repository\com\github\stephenc\findbugs\findbugs-annotations\1.3.9-1\findbugs-annotations-1.3.9-1.jar;C:\Users\Tanyiqu\.m2\repository\log4j\log4j\1.2.17\log4j-1.2.17.jar;C:\Users\Tanyiqu\.m2\repository\com\aliyun\hbase\alihbase-hadoop-compat\2.0.8\alihbase-hadoop-compat-2.0.8.jar;C:\Users\Tanyiqu\.m2\repository\com\aliyun\hbase\alihbase-metrics-api\2.0.8\alihbase-metrics-api-2.0.8.jar;C:\Users\Tanyiqu\.m2\repository\com\aliyun\hbase\alihbase-hadoop2-compat\2.0.8\alihbase-hadoop2-compat-2.0.8.jar;C:\Users\Tanyiqu\.m2\repository\com\aliyun\hbase\alihbase-metrics\2.0.8\alihbase-metrics-2.0.8.jar;C:\Users\Tanyiqu\.m2\repository\com\aliyun\hbase\alihbase-protocol-shaded\2.0.8\alihbase-protocol-shaded-2.0.8.jar;C:\Users\Tanyiqu\.m2\repository\com\aliyun\hbase\alihbase-protocol\2.0.8\alihbase-protocol-2.0.8.jar;C:\Users\Tanyiqu\.m2\repository\commons-codec\commons-codec\1.10\commons-codec-1.10.jar;C:\Users\Tanyiqu\.m2\repository\commons-io\commons-io\2.5\commons-io-2.5.jar;C:\Users\Tanyiqu\.m2\repository\org\apache\commons\commons-lang3\3.6\commons-lang3-3.6.jar;C:\Users\Tanyiqu\.m2\repository\org\slf4j\slf4j-api\1.7.25\slf4j-api-1.7.25.jar;C:\Users\Tanyiqu\.m2\repository\org\apache\hbase\thirdparty\hbase-shaded-miscellaneous\2.1.0\hbase-shaded-miscellaneous-2.1.0.jar;C:\Users\Tanyiqu\.m2\repository\com\google\protobuf\protobuf-java\2.5.0\protobuf-java-2.5.0.jar;C:\Users\Tanyiqu\.m2\repository\org\apache\hbase\thirdparty\hbase-shaded-netty\2.1.0\hbase-shaded-netty-2.1.0.jar;C:\Users\Tanyiqu\.m2\repository\org\apache\zookeeper\zookeeper\3.4.10\zookeeper-3.4.10.jar;C:\Users\Tanyiqu\.m2\repository\org\slf4j\slf4j-log4j12\1.6.1\slf4j-log4j12-1.6.1.jar;C:\Users\Tanyiqu\.m2\repository\org\apache\htrace\htrace-core4\4.2.0-incubating\htrace-core4-4.2.0-incubating.jar;C:\Users\Tanyiqu\.m2\repository\org\jruby\jcodings\jcodings\1.0.18\jcodings-1.0.18.jar;C:\Users\Tanyiqu\.m2\repository\org\jruby\joni\joni\2.1.11\joni-2.1.11.jar;C:\Users\Tanyiqu\.m2\repository\io\dropwizard\metrics\metrics-core\3.2.1\metrics-core-3.2.1.jar;C:\Users\Tanyiqu\.m2\repository\org\apache\commons\commons-crypto\1.0.0\commons-crypto-1.0.0.jar;C:\Users\Tanyiqu\.m2\repository\com\fasterxml\jackson\core\jackson-databind\2.9.2\jackson-databind-2.9.2.jar;C:\Users\Tanyiqu\.m2\repository\com\fasterxml\jackson\core\jackson-annotations\2.9.0\jackson-annotations-2.9.0.jar;C:\Users\Tanyiqu\.m2\repository\com\fasterxml\jackson\core\jackson-core\2.9.2\jackson-core-2.9.2.jar;C:\Users\Tanyiqu\.m2\repository\com\alibaba\hbase\alihbase-connector\2.0.15\alihbase-connector-2.0.15.jar;C:\Users\Tanyiqu\.m2\repository\org\apache\thrift\libthrift\0.12.0\libthrift-0.12.0.jar;C:\Users\Tanyiqu\.m2\repository\org\apache\httpcomponents\httpcore\4.4.1\httpcore-4.4.1.jar;C:\Users\Tanyiqu\.m2\repository\org\apache\httpcomponents\httpclient\4.5.2\httpclient-4.5.2.jar;C:\Users\Tanyiqu\.m2\repository\com\alibaba\fastjson\1.2.61\fastjson-1.2.61.jar;C:\Users\Tanyiqu\.m2\repository\com\yammer\metrics\metrics-core\2.2.0\metrics-core-2.2.0.jar;C:\Users\Tanyiqu\.m2\repository\org\apache\hadoop\hadoop-auth\2.7.4\hadoop-auth-2.7.4.jar;C:\Users\Tanyiqu\.m2\repository\org\apache\directory\server\apacheds-kerberos-codec\2.0.0-M15\apacheds-kerberos-codec-2.0.0-M15.jar;C:\Users\Tanyiqu\.m2\repository\org\apache\directory\server\apacheds-i18n\2.0.0-M15\apacheds-i18n-2.0.0-M15.jar;C:\Users\Tanyiqu\.m2\repository\org\apache\directory\api\api-asn1-api\1.0.0-M20\api-asn1-api-1.0.0-M20.jar;C:\Users\Tanyiqu\.m2\repository\org\apache\directory\api\api-util\1.0.0-M20\api-util-1.0.0-M20.jar;C:\Users\Tanyiqu\.m2\repository\org\apache\curator\curator-framework\2.7.1\curator-framework-2.7.1.jar;C:\Users\Tanyiqu\.m2\repository\org\apache\hadoop\hadoop-common\2.7.4\hadoop-common-2.7.4.jar;C:\Users\Tanyiqu\.m2\repository\org\apache\hadoop\hadoop-annotations\2.7.4\hadoop-annotations-2.7.4.jar;C:\Program Files\Java\jdk1.8.0_231\jre\..\lib\tools.jar;C:\Users\Tanyiqu\.m2\repository\com\google\guava\guava\11.0.2\guava-11.0.2.jar;C:\Users\Tanyiqu\.m2\repository\commons-cli\commons-cli\1.2\commons-cli-1.2.jar;C:\Users\Tanyiqu\.m2\repository\org\apache\commons\commons-math3\3.1.1\commons-math3-3.1.1.jar;C:\Users\Tanyiqu\.m2\repository\xmlenc\xmlenc\0.52\xmlenc-0.52.jar;C:\Users\Tanyiqu\.m2\repository\commons-httpclient\commons-httpclient\3.1\commons-httpclient-3.1.jar;C:\Users\Tanyiqu\.m2\repository\commons-net\commons-net\3.1\commons-net-3.1.jar;C:\Users\Tanyiqu\.m2\repository\commons-collections\commons-collections\3.2.2\commons-collections-3.2.2.jar;C:\Users\Tanyiqu\.m2\repository\org\mortbay\jetty\jetty-sslengine\6.1.26\jetty-sslengine-6.1.26.jar;C:\Users\Tanyiqu\.m2\repository\commons-logging\commons-logging\1.1.3\commons-logging-1.1.3.jar;C:\Users\Tanyiqu\.m2\repository\commons-lang\commons-lang\2.6\commons-lang-2.6.jar;C:\Users\Tanyiqu\.m2\repository\commons-configuration\commons-configuration\1.6\commons-configuration-1.6.jar;C:\Users\Tanyiqu\.m2\repository\commons-digester\commons-digester\1.8\commons-digester-1.8.jar;C:\Users\Tanyiqu\.m2\repository\commons-beanutils\commons-beanutils\1.7.0\commons-beanutils-1.7.0.jar;C:\Users\Tanyiqu\.m2\repository\commons-beanutils\commons-beanutils-core\1.8.0\commons-beanutils-core-1.8.0.jar;C:\Users\Tanyiqu\.m2\repository\org\codehaus\jackson\jackson-core-asl\1.9.13\jackson-core-asl-1.9.13.jar;C:\Users\Tanyiqu\.m2\repository\org\codehaus\jackson\jackson-mapper-asl\1.9.13\jackson-mapper-asl-1.9.13.jar;C:\Users\Tanyiqu\.m2\repository\org\apache\avro\avro\1.7.4\avro-1.7.4.jar;C:\Users\Tanyiqu\.m2\repository\com\thoughtworks\paranamer\paranamer\2.3\paranamer-2.3.jar;C:\Users\Tanyiqu\.m2\repository\org\xerial\snappy\snappy-java\1.0.4.1\snappy-java-1.0.4.1.jar;C:\Users\Tanyiqu\.m2\repository\com\google\code\gson\gson\2.2.4\gson-2.2.4.jar;C:\Users\Tanyiqu\.m2\repository\com\jcraft\jsch\0.1.54\jsch-0.1.54.jar;C:\Users\Tanyiqu\.m2\repository\org\apache\curator\curator-client\2.7.1\curator-client-2.7.1.jar;C:\Users\Tanyiqu\.m2\repository\org\apache\curator\curator-recipes\2.7.1\curator-recipes-2.7.1.jar;C:\Users\Tanyiqu\.m2\repository\com\google\code\findbugs\jsr305\3.0.0\jsr305-3.0.0.jar;C:\Users\Tanyiqu\.m2\repository\org\apache\commons\commons-compress\1.4.1\commons-compress-1.4.1.jar;C:\Users\Tanyiqu\.m2\repository\org\tukaani\xz\1.0\xz-1.0.jar;C:\Users\Tanyiqu\.m2\repository\org\apache\yetus\audience-annotations\0.5.0\audience-annotations-0.5.0.jar;"/>
    <property name="java.vm.vendor" value="Oracle Corporation"/>
    <property name="sun.arch.data.model" value="64"/>
    <property name="user.variant" value=""/>
    <property name="java.vendor.url" value="http://java.oracle.com/"/>
    <property name="user.timezone" value="Asia/Shanghai"/>
    <property name="java.vm.specification.version" value="1.8"/>
    <property name="os.name" value="Windows 10"/>
    <property name="user.country" value="CN"/>
    <property name="sun.java.launcher" value="SUN_STANDARD"/>
    <property name="sun.boot.library.path" value="C:\Program Files\Java\jdk1.8.0_231\jre\bin"/>
    <property name="sun.java.command" value="C:\Users\Tanyiqu\AppData\Local\Temp\surefire2851234502178974001\surefirebooter1566300850438432276.jar C:\Users\Tanyiqu\AppData\Local\Temp\surefire2851234502178974001 2020-08-28T17-34-58_882-jvmRun1 surefire6012328768427861367tmp surefire_07561769656423093264tmp"/>
    <property name="surefire.test.class.path" value="E:\Code\Java\SimpleHBaseAPI\HBaseAPI\target\test-classes;E:\Code\Java\SimpleHBaseAPI\HBaseAPI\target\classes;C:\Users\Tanyiqu\.m2\repository\junit\junit\4.11\junit-4.11.jar;C:\Users\Tanyiqu\.m2\repository\org\hamcrest\hamcrest-core\1.3\hamcrest-core-1.3.jar;C:\Users\Tanyiqu\.m2\repository\com\aliyun\hbase\alihbase-client\2.0.8\alihbase-client-2.0.8.jar;C:\Users\Tanyiqu\.m2\repository\org\apache\hbase\thirdparty\hbase-shaded-protobuf\2.1.0\hbase-shaded-protobuf-2.1.0.jar;C:\Users\Tanyiqu\.m2\repository\com\aliyun\hbase\alihbase-common\2.0.8\alihbase-common-2.0.8.jar;C:\Users\Tanyiqu\.m2\repository\com\github\stephenc\findbugs\findbugs-annotations\1.3.9-1\findbugs-annotations-1.3.9-1.jar;C:\Users\Tanyiqu\.m2\repository\log4j\log4j\1.2.17\log4j-1.2.17.jar;C:\Users\Tanyiqu\.m2\repository\com\aliyun\hbase\alihbase-hadoop-compat\2.0.8\alihbase-hadoop-compat-2.0.8.jar;C:\Users\Tanyiqu\.m2\repository\com\aliyun\hbase\alihbase-metrics-api\2.0.8\alihbase-metrics-api-2.0.8.jar;C:\Users\Tanyiqu\.m2\repository\com\aliyun\hbase\alihbase-hadoop2-compat\2.0.8\alihbase-hadoop2-compat-2.0.8.jar;C:\Users\Tanyiqu\.m2\repository\com\aliyun\hbase\alihbase-metrics\2.0.8\alihbase-metrics-2.0.8.jar;C:\Users\Tanyiqu\.m2\repository\com\aliyun\hbase\alihbase-protocol-shaded\2.0.8\alihbase-protocol-shaded-2.0.8.jar;C:\Users\Tanyiqu\.m2\repository\com\aliyun\hbase\alihbase-protocol\2.0.8\alihbase-protocol-2.0.8.jar;C:\Users\Tanyiqu\.m2\repository\commons-codec\commons-codec\1.10\commons-codec-1.10.jar;C:\Users\Tanyiqu\.m2\repository\commons-io\commons-io\2.5\commons-io-2.5.jar;C:\Users\Tanyiqu\.m2\repository\org\apache\commons\commons-lang3\3.6\commons-lang3-3.6.jar;C:\Users\Tanyiqu\.m2\repository\org\slf4j\slf4j-api\1.7.25\slf4j-api-1.7.25.jar;C:\Users\Tanyiqu\.m2\repository\org\apache\hbase\thirdparty\hbase-shaded-miscellaneous\2.1.0\hbase-shaded-miscellaneous-2.1.0.jar;C:\Users\Tanyiqu\.m2\repository\com\google\protobuf\protobuf-java\2.5.0\protobuf-java-2.5.0.jar;C:\Users\Tanyiqu\.m2\repository\org\apache\hbase\thirdparty\hbase-shaded-netty\2.1.0\hbase-shaded-netty-2.1.0.jar;C:\Users\Tanyiqu\.m2\repository\org\apache\zookeeper\zookeeper\3.4.10\zookeeper-3.4.10.jar;C:\Users\Tanyiqu\.m2\repository\org\slf4j\slf4j-log4j12\1.6.1\slf4j-log4j12-1.6.1.jar;C:\Users\Tanyiqu\.m2\repository\org\apache\htrace\htrace-core4\4.2.0-incubating\htrace-core4-4.2.0-incubating.jar;C:\Users\Tanyiqu\.m2\repository\org\jruby\jcodings\jcodings\1.0.18\jcodings-1.0.18.jar;C:\Users\Tanyiqu\.m2\repository\org\jruby\joni\joni\2.1.11\joni-2.1.11.jar;C:\Users\Tanyiqu\.m2\repository\io\dropwizard\metrics\metrics-core\3.2.1\metrics-core-3.2.1.jar;C:\Users\Tanyiqu\.m2\repository\org\apache\commons\commons-crypto\1.0.0\commons-crypto-1.0.0.jar;C:\Users\Tanyiqu\.m2\repository\com\fasterxml\jackson\core\jackson-databind\2.9.2\jackson-databind-2.9.2.jar;C:\Users\Tanyiqu\.m2\repository\com\fasterxml\jackson\core\jackson-annotations\2.9.0\jackson-annotations-2.9.0.jar;C:\Users\Tanyiqu\.m2\repository\com\fasterxml\jackson\core\jackson-core\2.9.2\jackson-core-2.9.2.jar;C:\Users\Tanyiqu\.m2\repository\com\alibaba\hbase\alihbase-connector\2.0.15\alihbase-connector-2.0.15.jar;C:\Users\Tanyiqu\.m2\repository\org\apache\thrift\libthrift\0.12.0\libthrift-0.12.0.jar;C:\Users\Tanyiqu\.m2\repository\org\apache\httpcomponents\httpcore\4.4.1\httpcore-4.4.1.jar;C:\Users\Tanyiqu\.m2\repository\org\apache\httpcomponents\httpclient\4.5.2\httpclient-4.5.2.jar;C:\Users\Tanyiqu\.m2\repository\com\alibaba\fastjson\1.2.61\fastjson-1.2.61.jar;C:\Users\Tanyiqu\.m2\repository\com\yammer\metrics\metrics-core\2.2.0\metrics-core-2.2.0.jar;C:\Users\Tanyiqu\.m2\repository\org\apache\hadoop\hadoop-auth\2.7.4\hadoop-auth-2.7.4.jar;C:\Users\Tanyiqu\.m2\repository\org\apache\directory\server\apacheds-kerberos-codec\2.0.0-M15\apacheds-kerberos-codec-2.0.0-M15.jar;C:\Users\Tanyiqu\.m2\repository\org\apache\directory\server\apacheds-i18n\2.0.0-M15\apacheds-i18n-2.0.0-M15.jar;C:\Users\Tanyiqu\.m2\repository\org\apache\directory\api\api-asn1-api\1.0.0-M20\api-asn1-api-1.0.0-M20.jar;C:\Users\Tanyiqu\.m2\repository\org\apache\directory\api\api-util\1.0.0-M20\api-util-1.0.0-M20.jar;C:\Users\Tanyiqu\.m2\repository\org\apache\curator\curator-framework\2.7.1\curator-framework-2.7.1.jar;C:\Users\Tanyiqu\.m2\repository\org\apache\hadoop\hadoop-common\2.7.4\hadoop-common-2.7.4.jar;C:\Users\Tanyiqu\.m2\repository\org\apache\hadoop\hadoop-annotations\2.7.4\hadoop-annotations-2.7.4.jar;C:\Program Files\Java\jdk1.8.0_231\jre\..\lib\tools.jar;C:\Users\Tanyiqu\.m2\repository\com\google\guava\guava\11.0.2\guava-11.0.2.jar;C:\Users\Tanyiqu\.m2\repository\commons-cli\commons-cli\1.2\commons-cli-1.2.jar;C:\Users\Tanyiqu\.m2\repository\org\apache\commons\commons-math3\3.1.1\commons-math3-3.1.1.jar;C:\Users\Tanyiqu\.m2\repository\xmlenc\xmlenc\0.52\xmlenc-0.52.jar;C:\Users\Tanyiqu\.m2\repository\commons-httpclient\commons-httpclient\3.1\commons-httpclient-3.1.jar;C:\Users\Tanyiqu\.m2\repository\commons-net\commons-net\3.1\commons-net-3.1.jar;C:\Users\Tanyiqu\.m2\repository\commons-collections\commons-collections\3.2.2\commons-collections-3.2.2.jar;C:\Users\Tanyiqu\.m2\repository\org\mortbay\jetty\jetty-sslengine\6.1.26\jetty-sslengine-6.1.26.jar;C:\Users\Tanyiqu\.m2\repository\commons-logging\commons-logging\1.1.3\commons-logging-1.1.3.jar;C:\Users\Tanyiqu\.m2\repository\commons-lang\commons-lang\2.6\commons-lang-2.6.jar;C:\Users\Tanyiqu\.m2\repository\commons-configuration\commons-configuration\1.6\commons-configuration-1.6.jar;C:\Users\Tanyiqu\.m2\repository\commons-digester\commons-digester\1.8\commons-digester-1.8.jar;C:\Users\Tanyiqu\.m2\repository\commons-beanutils\commons-beanutils\1.7.0\commons-beanutils-1.7.0.jar;C:\Users\Tanyiqu\.m2\repository\commons-beanutils\commons-beanutils-core\1.8.0\commons-beanutils-core-1.8.0.jar;C:\Users\Tanyiqu\.m2\repository\org\codehaus\jackson\jackson-core-asl\1.9.13\jackson-core-asl-1.9.13.jar;C:\Users\Tanyiqu\.m2\repository\org\codehaus\jackson\jackson-mapper-asl\1.9.13\jackson-mapper-asl-1.9.13.jar;C:\Users\Tanyiqu\.m2\repository\org\apache\avro\avro\1.7.4\avro-1.7.4.jar;C:\Users\Tanyiqu\.m2\repository\com\thoughtworks\paranamer\paranamer\2.3\paranamer-2.3.jar;C:\Users\Tanyiqu\.m2\repository\org\xerial\snappy\snappy-java\1.0.4.1\snappy-java-1.0.4.1.jar;C:\Users\Tanyiqu\.m2\repository\com\google\code\gson\gson\2.2.4\gson-2.2.4.jar;C:\Users\Tanyiqu\.m2\repository\com\jcraft\jsch\0.1.54\jsch-0.1.54.jar;C:\Users\Tanyiqu\.m2\repository\org\apache\curator\curator-client\2.7.1\curator-client-2.7.1.jar;C:\Users\Tanyiqu\.m2\repository\org\apache\curator\curator-recipes\2.7.1\curator-recipes-2.7.1.jar;C:\Users\Tanyiqu\.m2\repository\com\google\code\findbugs\jsr305\3.0.0\jsr305-3.0.0.jar;C:\Users\Tanyiqu\.m2\repository\org\apache\commons\commons-compress\1.4.1\commons-compress-1.4.1.jar;C:\Users\Tanyiqu\.m2\repository\org\tukaani\xz\1.0\xz-1.0.jar;C:\Users\Tanyiqu\.m2\repository\org\apache\yetus\audience-annotations\0.5.0\audience-annotations-0.5.0.jar;"/>
    <property name="sun.cpu.endian" value="little"/>
    <property name="user.home" value="C:\Users\Tanyiqu"/>
    <property name="user.language" value="zh"/>
    <property name="java.specification.vendor" value="Oracle Corporation"/>
    <property name="java.home" value="C:\Program Files\Java\jdk1.8.0_231\jre"/>
    <property name="basedir" value="E:\Code\Java\SimpleHBaseAPI\HBaseAPI"/>
    <property name="file.separator" value="\"/>
    <property name="line.separator" value="&#10;"/>
    <property name="java.vm.specification.vendor" value="Oracle Corporation"/>
    <property name="java.specification.name" value="Java Platform API Specification"/>
    <property name="java.awt.graphicsenv" value="sun.awt.Win32GraphicsEnvironment"/>
    <property name="surefire.real.class.path" value="C:\Users\Tanyiqu\AppData\Local\Temp\surefire2851234502178974001\surefirebooter1566300850438432276.jar"/>
    <property name="sun.boot.class.path" value="C:\Program Files\Java\jdk1.8.0_231\jre\lib\resources.jar;C:\Program Files\Java\jdk1.8.0_231\jre\lib\rt.jar;C:\Program Files\Java\jdk1.8.0_231\jre\lib\sunrsasign.jar;C:\Program Files\Java\jdk1.8.0_231\jre\lib\jsse.jar;C:\Program Files\Java\jdk1.8.0_231\jre\lib\jce.jar;C:\Program Files\Java\jdk1.8.0_231\jre\lib\charsets.jar;C:\Program Files\Java\jdk1.8.0_231\jre\lib\jfr.jar;C:\Program Files\Java\jdk1.8.0_231\jre\classes"/>
    <property name="user.script" value=""/>
    <property name="sun.management.compiler" value="HotSpot 64-Bit Tiered Compilers"/>
    <property name="java.runtime.version" value="1.8.0_231-b11"/>
    <property name="user.name" value="Tanyiqu"/>
    <property name="path.separator" value=";"/>
    <property name="os.version" value="10.0"/>
    <property name="java.endorsed.dirs" value="C:\Program Files\Java\jdk1.8.0_231\jre\lib\endorsed"/>
    <property name="java.runtime.name" value="Java(TM) SE Runtime Environment"/>
    <property name="file.encoding" value="GBK"/>
    <property name="java.vm.name" value="Java HotSpot(TM) 64-Bit Server VM"/>
    <property name="localRepository" value="C:\Users\Tanyiqu\.m2\repository"/>
    <property name="java.vendor.url.bug" value="http://bugreport.sun.com/bugreport/"/>
    <property name="java.io.tmpdir" value="C:\Users\Tanyiqu\AppData\Local\Temp\"/>
    <property name="java.version" value="1.8.0_231"/>
    <property name="user.dir" value="E:\Code\Java\SimpleHBaseAPI\HBaseAPI"/>
    <property name="os.arch" value="amd64"/>
    <property name="java.vm.specification.name" value="Java Virtual Machine Specification"/>
    <property name="java.awt.printerjob" value="sun.awt.windows.WPrinterJob"/>
    <property name="sun.os.patch.level" value=""/>
    <property name="java.library.path" value="C:\Program Files\Java\jdk1.8.0_231\jre\bin;C:\Windows\Sun\Java\bin;C:\Windows\system32;C:\Windows;C:\Program Files (x86)\Common Files\Oracle\Java\javapath;C:\Windows\system32;C:\Windows;C:\Windows\System32\Wbem;C:\Windows\System32\WindowsPowerShell\v1.0\;C:\Windows\System32\OpenSSH\;C:\Program Files (x86)\NVIDIA Corporation\PhysX\Common;C:\Program Files\NVIDIA Corporation\NVIDIA NvDLISR;C:\Program Files\Java\jdk1.8.0_231\bin;D:\Program Files\Git\cmd;C:\Program Files\Microsoft SQL Server\110\Tools\Binn\;D:\Program Files\ffmpeg-20200110-3d894db-win64-static\bin;D:\Program Files\Microsoft VS Code\bin;C:\Program Files\MySQL\MySQL Server 8.0\bin;D:\nodejs\;C:\Program Files\apache-maven-3.6.3\bin;C:\Program Files\CMake\bin;C:\Program Files\dotnet\;C:\Users\Tanyiqu\AppData\Local\Programs\Python\Python37\Scripts\;C:\Users\Tanyiqu\AppData\Local\Programs\Python\Python37\;C:\Program Files\MySQL\MySQL Shell 8.0\bin\;C:\Users\Tanyiqu\AppData\Local\Microsoft\WindowsApps;C:\Users\Tanyiqu\AppData\Roaming\npm;C:\Users\Tanyiqu\.dotnet\tools;D:\Program Files (x86)\Egret\Egret Wing 3\bin;."/>
    <property name="java.vm.info" value="mixed mode"/>
    <property name="java.vendor" value="Oracle Corporation"/>
    <property name="java.vm.version" value="25.231-b11"/>
    <property name="idea.version2019.3" value="true"/>
    <property name="java.ext.dirs" value="C:\Program Files\Java\jdk1.8.0_231\jre\lib\ext;C:\Windows\Sun\Java\lib\ext"/>
    <property name="sun.io.unicode.encoding" value="UnicodeLittle"/>
    <property name="java.class.version" value="52.0"/>
  </properties>
  <testcase name="shouldAnswerWithTrue" classname="com.wft.AppTest" time="0.002"/>
</testsuite>